[23:30:42] [ServerMain/INFO]: Environment: authHost='https://authserver.mojang.com', accountsHost='https://api.mojang.com', sessionHost='https://sessionserver.mojang.com', servicesHost='https://api.minecraftservices.com', name='PROD'
[23:30:43] [ServerMain/INFO]: Loaded 7 recipes
[23:30:43] [Server thread/INFO]: Starting minecraft server version 1.20.1
[23:30:43] [Server thread/INFO]: Loading properties
[23:30:43] [Server thread/INFO]: This server is running Paper version git-Paper-196 (MC: 1.20.1) (Implementing API version 1.20.1-R0.1-SNAPSHOT) (Git: 773dd72)
[23:30:44] [Server thread/INFO]: Server Ping Player Sample Count: 12
[23:30:44] [Server thread/INFO]: Using 4 threads for Netty based IO
[23:30:44] [Server thread/WARN]: [!] The timings profiler has been enabled but has been scheduled for removal from Paper in the future.
    We recommend installing the spark profiler as a replacement: https://spark.lucko.me/
    For more information please visit: https://github.com/PaperMC/Paper/issues/8948
[23:30:44] [Server thread/INFO]: [ChunkTaskScheduler] Chunk system is using 1 I/O threads, 1 worker threads, and gen parallelism of 1 threads
[23:30:44] [Server thread/INFO]: Default game type: SURVIVAL
[23:30:44] [Server thread/INFO]: Generating keypair
[23:30:44] [Server thread/INFO]: Starting Minecraft server on *:4999
[23:30:44] [Server thread/INFO]: Using default channel type
[23:30:44] [Server thread/INFO]: Paper: Using Java compression from Velocity.
[23:30:44] [Server thread/INFO]: Paper: Using Java cipher from Velocity.
[23:30:45] [Server thread/INFO]: [MechanicsCore] Loading server plugin MechanicsCore v4.1.2
[23:30:45] [Server thread/INFO]: [CommandAPI] Loaded platform NMS_1_20_R1 > NMS_Common > CommandAPIBukkit
[23:30:45] [Server thread/INFO]: [CommandAPI] Hooked into Spigot successfully for Chat/ChatComponents
[23:30:45] [Server thread/INFO]: [CommandAPI] Hooked into Adventure for AdventureChat/AdventureChatComponents
[23:30:45] [Server thread/INFO]: [CommandAPI] Hooked into Paper for paper-specific API implementations
[23:30:46] [Server thread/INFO]: [MechanicsCore] Loaded in 1152ms
[23:30:46] [Server thread/INFO]: [untit3] Loading server plugin untit3 v1.0-SNAPSHOT
[23:30:46] [Server thread/INFO]: [ugaga] Loading server plugin ugaga v1.0.0
[23:30:46] [Server thread/INFO]: [Top] Loading server plugin Top v1.0-SNAPSHOT
[23:30:46] [Server thread/INFO]: [LightningStick] Loading server plugin LightningStick v1.0
[23:30:46] [Server thread/INFO]: [Spawn] Loading server plugin Spawn v1.0-SNAPSHOT
[23:30:46] [Server thread/INFO]: [Shopkeepers] Loading server plugin Shopkeepers v2.20.0
[23:30:46] [Server thread/INFO]: [Shopkeepers] Loaded all plugin classes (243 ms).
[23:30:46] [Server thread/INFO]: [Shopkeepers] Loading config.
[23:30:46] [Server thread/WARN]: [Shopkeepers] Config: Invalid living entity type name in 'enabled-living-shops': ARMADILLO
[23:30:46] [Server thread/WARN]: [Shopkeepers] Config: All existing entity type names can be found here: https://hub.spigotmc.org/javadocs/spigot/org/bukkit/entity/EntityType.html
[23:30:46] [Server thread/INFO]: [Shopkeepers] Loading language file: language-en-default.yml
[23:30:46] [Server thread/WARN]: [Shopkeepers] Config: Invalid living entity type name in 'enabled-living-shops': ARMADILLO
[23:30:46] [Server thread/WARN]: [Shopkeepers] Config: All existing entity type names can be found here: https://hub.spigotmc.org/javadocs/spigot/org/bukkit/entity/EntityType.html
[23:30:46] [Server thread/INFO]: [Shopkeepers] Registering defaults.
[23:30:46] [Server thread/INFO]: [QualityArmory] Loading server plugin QualityArmory v2.0.21
[23:30:46] [Server thread/INFO]: [named] Loading server plugin named v1.0-SNAPSHOT
[23:30:46] [Server thread/INFO]: [Money] Loading server plugin Money v1.0-SNAPSHOT
[23:30:46] [Server thread/INFO]: [WorldEdit] Loading server plugin WorldEdit v7.2.15+6463-5ca4dff
[23:30:46] [Server thread/INFO]: Got request to register class com.sk89q.worldedit.bukkit.BukkitServerInterface with WorldEdit [com.sk89q.worldedit.extension.platform.PlatformManager@c458a35]
[23:30:46] [Server thread/INFO]: [DoorLock] Loading server plugin DoorLock v1.0.0
[23:30:46] [Server thread/INFO]: [DecentHolograms] Loading server plugin DecentHolograms v2.9.4
[23:30:47] [Server thread/INFO]: [commands] Loading server plugin commands v1.0-SNAPSHOT
[23:30:47] [Server thread/INFO]: [ClearLag] Loading server plugin ClearLag v3.2.2
[23:30:47] [Server thread/INFO]: Server permissions file permissions.yml is empty, ignoring it
[23:30:47] [Server thread/INFO]: [MechanicsCore] Enabling MechanicsCore v4.1.2
[23:30:47] [Server thread/INFO]: [CommandAPI] Hooked into Paper ServerResourcesReloadedEvent
[23:30:47] [Server thread/INFO]: [MechanicsCore] Scheduling config loading task to be run in 1 tick...
[23:30:47] [Server thread/INFO]: [MechanicsCore] Enabled in 192ms
[23:30:47] [Server thread/INFO]: [WorldEdit] Enabling WorldEdit v7.2.15+6463-5ca4dff
[23:30:47] [Server thread/INFO]: Registering commands with com.sk89q.worldedit.bukkit.BukkitServerInterface
[23:30:47] [Server thread/INFO]: WEPIF: Using the Bukkit Permissions API.
[23:30:47] [Server thread/INFO]: Using com.sk89q.worldedit.bukkit.adapter.impl.v1_20_R1.PaperweightAdapter as the Bukkit adapter
[23:30:48] [Server thread/WARN]: **** SERVER IS RUNNING IN OFFLINE/INSECURE MODE!
[23:30:48] [Server thread/WARN]: The server will make no attempt to authenticate usernames. Beware.
[23:30:48] [Server thread/WARN]: While this makes the game possible to play without internet access, it also opens up the ability for hackers to connect with any username they choose.
[23:30:48] [Server thread/WARN]: To change this, set "online-mode" to "true" in the server.properties file.
[23:30:48] [Server thread/INFO]: Preparing level "world"
[23:30:48] [Server thread/INFO]: Preparing start region for dimension minecraft:overworld
[23:30:48] [Server thread/INFO]: Time elapsed: 118 ms
[23:30:48] [Server thread/INFO]: Preparing start region for dimension minecraft:the_nether
[23:30:48] [Server thread/INFO]: Time elapsed: 22 ms
[23:30:48] [Server thread/INFO]: Preparing start region for dimension minecraft:the_end
[23:30:48] [Server thread/INFO]: Time elapsed: 16 ms
[23:30:48] [Server thread/INFO]: [untit3] Enabling untit3 v1.0-SNAPSHOT
[23:30:48] [Server thread/INFO]: [untit3] Плагин untit3 успешно загружен!
[23:30:48] [Server thread/INFO]: [ugaga] Enabling ugaga v1.0.0
[23:30:48] [Server thread/INFO]: [ugaga] Плагин успешно включен!
[23:30:48] [Server thread/INFO]: [Top] Enabling Top v1.0-SNAPSHOT
[23:30:48] [Server thread/INFO]: [LightningStick] Enabling LightningStick v1.0
[23:30:48] [Server thread/INFO]: [Spawn] Enabling Spawn v1.0-SNAPSHOT
[23:30:48] [Server thread/INFO]: [Spawn] Плагин AdventureModeEvery10s успешно загружен!
[23:30:48] [Server thread/INFO]: [Shopkeepers] Enabling Shopkeepers v2.20.0
[23:30:48] [Server thread/INFO]: [Shopkeepers] Loading the data of 3 shopkeepers ...
[23:30:48] [Server thread/INFO]: [QualityArmory] Enabling QualityArmory v2.0.21
[23:30:48] [Server thread/INFO]: [NBTAPI] [NBTAPI] Found Minecraft: v1_20_R1! Trying to find NMS support
[23:30:48] [Server thread/INFO]: [NBTAPI] [NBTAPI] NMS support 'MC1_20_R1' loaded!
[23:30:48] [Server thread/INFO]: [NBTAPI] [NBTAPI] Using the plugin 'QualityArmory' to create a bStats instance!
[23:30:49] [Server thread/INFO]: [QualityArmory] -Loaded 11 Ammo types.
[23:30:49] [Server thread/INFO]: [QualityArmory] -Loaded 16 Misc.
[23:30:49] [Server thread/INFO]: [QualityArmory] -Loaded 70 Gun types.
[23:30:49] [Server thread/INFO]: [QualityArmory] -Loading Attachment: awpasiimov
[23:30:49] [Server thread/INFO]: [QualityArmory] -Loading Attachment: p30silenced
[23:30:49] [Server thread/INFO]: [QualityArmory] -Loading Attachment: uzicorn
[23:30:49] [Server thread/INFO]: [QualityArmory] -Loaded 3 Attachment types.
[23:30:49] [Server thread/INFO]: [QualityArmory] -Loaded 4 Armor types.
[23:30:49] [Server thread/INFO]: [named] Enabling named v1.0-SNAPSHOT
[23:30:49] [Server thread/INFO]: [Money] Enabling Money v1.0-SNAPSHOT
[23:30:49] [Server thread/WARN]: [Money] Could not save shopkeepers.yml to plugins\Money\shopkeepers.yml because shopkeepers.yml already exists.
[23:30:49] [Server thread/INFO]: [Money] Плагин Money успешно загружен!
[23:30:49] [Server thread/INFO]: [DoorLock] Enabling DoorLock v1.0.0
[23:30:49] [Server thread/INFO]: [DoorLock] Загружено 3 заблокированных дверей
[23:30:49] [Server thread/INFO]: [DoorLock] DoorLock плагин успешно загружен!
[23:30:49] [Server thread/INFO]: [DecentHolograms] Enabling DecentHolograms v2.9.4
[23:30:49] [Server thread/INFO]: [DecentHolograms] Initialized NMS adapter for v1_20_R1 (1.20.1).
[23:30:49] [Server thread/INFO]: [NBTAPI] [NBTAPI] Found Minecraft: v1_20_R1! Trying to find NMS support
[23:30:49] [Server thread/INFO]: [NBTAPI] [NBTAPI] NMS support 'MC1_20_R1' loaded!
[23:30:49] [Server thread/INFO]: [NBTAPI] [NBTAPI] Using the plugin 'DecentHolograms' to create a bStats instance!
[23:30:49] [Server thread/INFO]: [DecentHolograms] NBT-API loaded successfully.
[23:30:49] [Server thread/INFO]: [commands] Enabling commands v1.0-SNAPSHOT
[23:30:49] [Server thread/INFO]: [commands] Плагин Commands успешно загружен!
[23:30:49] [Server thread/INFO]: [ClearLag] Enabling ClearLag v3.2.2
[23:30:49] [Server thread/INFO]: [ClearLag] Using version-adapter: LatestVersionAdapter
[23:30:49] [Server thread/INFO]: [ClearLag] Loading modules...
[23:30:49] [Server thread/WARN]: [ClearLag] Clearlag failed to use the internal TPS tracker during initialization. Reverted to estimation... (net.minecraft.server.v1_20_R1.MinecraftServer)
[23:30:49] [Server thread/INFO]: [ClearLag] Modules enabed, loading config values
[23:30:49] [Server thread/INFO]: [ClearLag] Modules have been loaded!
[23:30:49] [Server thread/INFO]: [ClearLag] Clearlag is now enabled!
[23:30:49] [Thread-6/INFO]: [ClearLag] Checking for updates compatible with your bukkit version [1.20]...
[23:30:49] [Server thread/INFO]: Running delayed init tasks
[23:30:49] [Server thread/INFO]: [CommandAPI] Linked 2 Bukkit permissions to commands
[23:30:49] [Server thread/INFO]: [commands] Время суток установлено на день во всех мирах
[23:30:49] [Craft Scheduler Thread - 3 - DecentHolograms/INFO]: [DecentHolograms] Loading holograms... 
[23:30:49] [Server thread/INFO]: [commands] Погода установлена на солнечную во всех мирах
[23:30:49] [Server thread/INFO]: Done (6.150s)! For help, type "help"
[23:30:49] [Server thread/INFO]: Timings Reset
[23:30:49] [Server thread/INFO]: [MechanicsCore] Loaded configs in 0ms
[23:30:49] [Craft Scheduler Thread - 3 - DecentHolograms/INFO]: [DecentHolograms] Loaded 9 holograms!
[23:30:50] [Thread-6/INFO]: [ClearLag] No updates found!
[23:30:50] [Craft Scheduler Thread - 1 - DecentHolograms/INFO]: 
A newer version of DecentHolograms is available. Download it from: 
- https://www.spigotmc.org/resources/96927/
- https://modrinth.com/plugin/decentholograms
[23:30:52] [User Authenticator #0/INFO]: UUID of player farmer1255_2 is 63adab05-8aca-3d23-8cc1-a112656cf051
[23:30:52] [Server thread/ERROR]: [MechanicsCore] Unsupported server version: 1.20.1 (1.20.1-R0.1-SNAPSHOT)
[23:30:52] [Server thread/ERROR]: [MechanicsCore] The protocol version v1_20_R1 has no compatibility class...
[23:30:52] [Server thread/ERROR]: [MechanicsCore] If you are using a new version of Minecraft, you might need to update your plugins!
[23:30:52] [Server thread/ERROR]: [MechanicsCore] !!! CRITICAL ERROR !!!
[23:30:52] [Server thread/ERROR]: Could not pass event PlayerJoinEvent to MechanicsCore v4.1.2
java.lang.NullPointerException: Cannot invoke "me.deecaad.core.compatibility.ICompatibility.getEntityCompatibility()" because "me.deecaad.core.compatibility.CompatibilityAPI.compatibility" is null
	at me.deecaad.core.compatibility.CompatibilityAPI.getEntityCompatibility(CompatibilityAPI.java:54) ~[MechanicsCore-4.1.2.jar:?]
	at me.deecaad.core.events.triggers.EquipListener.inject(EquipListener.java:141) ~[MechanicsCore-4.1.2.jar:?]
	at me.deecaad.core.events.triggers.EquipListener.onJoin(EquipListener.java:50) ~[MechanicsCore-4.1.2.jar:?]
	at com.destroystokyo.paper.event.executor.asm.generated.GeneratedEventExecutor5.execute(Unknown Source) ~[?:?]
	at org.bukkit.plugin.EventExecutor$2.execute(EventExecutor.java:77) ~[paper-api-1.20.1-R0.1-SNAPSHOT.jar:?]
	at co.aikar.timings.TimedEventExecutor.execute(TimedEventExecutor.java:81) ~[paper-api-1.20.1-R0.1-SNAPSHOT.jar:git-Paper-196]
	at org.bukkit.plugin.RegisteredListener.callEvent(RegisteredListener.java:70) ~[paper-api-1.20.1-R0.1-SNAPSHOT.jar:?]
	at io.papermc.paper.plugin.manager.PaperEventManager.callEvent(PaperEventManager.java:54) ~[paper-1.20.1.jar:git-Paper-196]
	at io.papermc.paper.plugin.manager.PaperPluginManagerImpl.callEvent(PaperPluginManagerImpl.java:126) ~[paper-1.20.1.jar:git-Paper-196]
	at org.bukkit.plugin.SimplePluginManager.callEvent(SimplePluginManager.java:615) ~[paper-api-1.20.1-R0.1-SNAPSHOT.jar:?]
	at net.minecraft.server.players.PlayerList.placeNewPlayer(PlayerList.java:339) ~[paper-1.20.1.jar:git-Paper-196]
	at net.minecraft.server.network.ServerLoginPacketListenerImpl.placeNewPlayer(ServerLoginPacketListenerImpl.java:202) ~[?:?]
	at net.minecraft.server.network.ServerLoginPacketListenerImpl.handleAcceptedLogin(ServerLoginPacketListenerImpl.java:183) ~[?:?]
	at net.minecraft.server.network.ServerLoginPacketListenerImpl.tick(ServerLoginPacketListenerImpl.java:85) ~[?:?]
	at net.minecraft.network.Connection.tick(Connection.java:602) ~[?:?]
	at net.minecraft.server.network.ServerConnectionListener.tick(ServerConnectionListener.java:234) ~[?:?]
	at net.minecraft.server.MinecraftServer.tickChildren(MinecraftServer.java:1586) ~[paper-1.20.1.jar:git-Paper-196]
	at net.minecraft.server.dedicated.DedicatedServer.tickChildren(DedicatedServer.java:446) ~[paper-1.20.1.jar:git-Paper-196]
	at net.minecraft.server.MinecraftServer.tickServer(MinecraftServer.java:1393) ~[paper-1.20.1.jar:git-Paper-196]
	at net.minecraft.server.MinecraftServer.runServer(MinecraftServer.java:1170) ~[paper-1.20.1.jar:git-Paper-196]
	at net.minecraft.server.MinecraftServer.lambda$spin$0(MinecraftServer.java:317) ~[paper-1.20.1.jar:git-Paper-196]
	at java.lang.Thread.run(Thread.java:1583) ~[?:?]
[23:30:52] [Server thread/INFO]: farmer1255_2 joined the game
[23:30:52] [Server thread/INFO]: farmer1255_2[/127.0.0.1:55993] logged in with entity id 63 at ([world]417.6341235974907, 64.0, 165.67623256434516)
[23:30:59] [Server thread/ERROR]: Could not pass event InventoryCreativeEvent to MechanicsCore v4.1.2
java.lang.IncompatibleClassChangeError: Found class org.bukkit.inventory.InventoryView, but interface was expected
	at me.deecaad.core.listeners.ItemCraftListener.click(ItemCraftListener.java:41) ~[MechanicsCore-4.1.2.jar:?]
	at com.destroystokyo.paper.event.executor.asm.generated.GeneratedEventExecutor9.execute(Unknown Source) ~[?:?]
	at org.bukkit.plugin.EventExecutor$2.execute(EventExecutor.java:77) ~[paper-api-1.20.1-R0.1-SNAPSHOT.jar:?]
	at co.aikar.timings.TimedEventExecutor.execute(TimedEventExecutor.java:81) ~[paper-api-1.20.1-R0.1-SNAPSHOT.jar:git-Paper-196]
	at org.bukkit.plugin.RegisteredListener.callEvent(RegisteredListener.java:70) ~[paper-api-1.20.1-R0.1-SNAPSHOT.jar:?]
	at io.papermc.paper.plugin.manager.PaperEventManager.callEvent(PaperEventManager.java:54) ~[paper-1.20.1.jar:git-Paper-196]
	at io.papermc.paper.plugin.manager.PaperPluginManagerImpl.callEvent(PaperPluginManagerImpl.java:126) ~[paper-1.20.1.jar:git-Paper-196]
	at org.bukkit.plugin.SimplePluginManager.callEvent(SimplePluginManager.java:615) ~[paper-api-1.20.1-R0.1-SNAPSHOT.jar:?]
	at net.minecraft.server.network.ServerGamePacketListenerImpl.handleSetCreativeModeSlot(ServerGamePacketListenerImpl.java:3449) ~[?:?]
	at net.minecraft.network.protocol.game.ServerboundSetCreativeModeSlotPacket.handle(ServerboundSetCreativeModeSlotPacket.java:18) ~[?:?]
	at net.minecraft.network.protocol.game.ServerboundSetCreativeModeSlotPacket.handle(ServerboundSetCreativeModeSlotPacket.java:12) ~[?:?]
	at net.minecraft.network.protocol.PacketUtils.lambda$ensureRunningOnSameThread$0(PacketUtils.java:51) ~[?:?]
	at net.minecraft.server.TickTask.run(TickTask.java:18) ~[paper-1.20.1.jar:git-Paper-196]
	at net.minecraft.util.thread.BlockableEventLoop.doRunTask(BlockableEventLoop.java:153) ~[?:?]
	at net.minecraft.util.thread.ReentrantBlockableEventLoop.doRunTask(ReentrantBlockableEventLoop.java:24) ~[?:?]
	at net.minecraft.server.MinecraftServer.doRunTask(MinecraftServer.java:1338) ~[paper-1.20.1.jar:git-Paper-196]
	at net.minecraft.server.MinecraftServer.d(MinecraftServer.java:197) ~[paper-1.20.1.jar:git-Paper-196]
	at net.minecraft.util.thread.BlockableEventLoop.pollTask(BlockableEventLoop.java:126) ~[?:?]
	at net.minecraft.server.MinecraftServer.pollTaskInternal(MinecraftServer.java:1315) ~[paper-1.20.1.jar:git-Paper-196]
	at net.minecraft.server.MinecraftServer.pollTask(MinecraftServer.java:1308) ~[paper-1.20.1.jar:git-Paper-196]
	at net.minecraft.util.thread.BlockableEventLoop.managedBlock(BlockableEventLoop.java:136) ~[?:?]
	at net.minecraft.server.MinecraftServer.waitUntilNextTick(MinecraftServer.java:1286) ~[paper-1.20.1.jar:git-Paper-196]
	at net.minecraft.server.MinecraftServer.runServer(MinecraftServer.java:1174) ~[paper-1.20.1.jar:git-Paper-196]
	at net.minecraft.server.MinecraftServer.lambda$spin$0(MinecraftServer.java:317) ~[paper-1.20.1.jar:git-Paper-196]
	at java.lang.Thread.run(Thread.java:1583) ~[?:?]
[23:31:08] [Server thread/INFO]: farmer1255_2 issued server command: /deop farmer1255_2
[23:31:08] [Server thread/INFO]: [farmer1255_2: Made farmer1255_2 no longer a server operator]
[23:35:19] [Server thread/INFO]: farmer1255_2 lost connection: Disconnected
[23:35:19] [Server thread/INFO]: farmer1255_2 left the game
[23:35:49] [Server thread/INFO]: [commands] Время суток установлено на день во всех мирах
[23:35:49] [Server thread/INFO]: [commands] Погода установлена на солнечную во всех мирах
[23:40:49] [Server thread/INFO]: [commands] Время суток установлено на день во всех мирах
[23:40:49] [Server thread/INFO]: [commands] Погода установлена на солнечную во всех мирах
[23:45:49] [Server thread/INFO]: [commands] Время суток установлено на день во всех мирах
[23:45:49] [Server thread/INFO]: [commands] Погода установлена на солнечную во всех мирах
[23:46:32] [Server thread/INFO]: Stopping server
[23:46:32] [Server thread/INFO]: [ClearLag] Disabling ClearLag v3.2.2
[23:46:32] [Server thread/INFO]: [ClearLag] Clearlag is now disabled!
[23:46:32] [Server thread/INFO]: [commands] Disabling commands v1.0-SNAPSHOT
[23:46:32] [Server thread/INFO]: [commands] Плагин Commands выгружен!
[23:46:32] [Server thread/INFO]: [DecentHolograms] Disabling DecentHolograms v2.9.4
[23:46:32] [Server thread/INFO]: [DoorLock] Disabling DoorLock v1.0.0
[23:46:32] [Server thread/INFO]: [DoorLock] DoorLock плагин выгружен!
[23:46:32] [Server thread/INFO]: [WorldEdit] Disabling WorldEdit v7.2.15+6463-5ca4dff
[23:46:32] [Server thread/INFO]: Unregistering com.sk89q.worldedit.bukkit.BukkitServerInterface from WorldEdit
[23:46:32] [Server thread/INFO]: [Money] Disabling Money v1.0-SNAPSHOT
[23:46:32] [Server thread/INFO]: [Money] Плагин Money выгружен!
[23:46:32] [Server thread/INFO]: [named] Disabling named v1.0-SNAPSHOT
[23:46:32] [Server thread/INFO]: [QualityArmory] Disabling QualityArmory v2.0.21
[23:46:32] [Server thread/INFO]: [Shopkeepers] Disabling Shopkeepers v2.20.0
[23:46:32] [Server thread/INFO]: [Spawn] Disabling Spawn v1.0-SNAPSHOT
[23:46:32] [Server thread/INFO]: [Spawn] Плагин AdventureModeEvery10s выгружен!
[23:46:32] [Server thread/INFO]: [LightningStick] Disabling LightningStick v1.0
[23:46:32] [Server thread/INFO]: [Top] Disabling Top v1.0-SNAPSHOT
[23:46:32] [Server thread/INFO]: [ugaga] Disabling ugaga v1.0.0
[23:46:32] [Server thread/INFO]: [untit3] Disabling untit3 v1.0-SNAPSHOT
[23:46:32] [Server thread/INFO]: [untit3] Плагин untit3 выгружен!
[23:46:32] [Server thread/INFO]: [MechanicsCore] Disabling MechanicsCore v4.1.2
[23:46:32] [Server thread/INFO]: Saving players
[23:46:32] [Server thread/INFO]: Saving worlds
[23:46:32] [Server thread/INFO]: Saving chunks for level 'ServerLevel[world]'/minecraft:overworld
[23:46:32] [Server thread/INFO]: [ChunkHolderManager] Waiting 60s for chunk system to halt for world 'world'
[23:46:32] [Server thread/INFO]: [ChunkHolderManager] Halted chunk system for world 'world'
[23:46:32] [Server thread/INFO]: [ChunkHolderManager] Saving all chunkholders for world 'world'
[23:46:32] [Server thread/INFO]: [ChunkHolderManager] Saved 0 block chunks, 22 entity chunks, 0 poi chunks in world 'world' in 0,01s
[23:46:32] [Server thread/INFO]: ThreadedAnvilChunkStorage (world): All chunks are saved
[23:46:32] [Server thread/INFO]: Saving chunks for level 'ServerLevel[world_nether]'/minecraft:the_nether
[23:46:32] [Server thread/INFO]: [ChunkHolderManager] Waiting 60s for chunk system to halt for world 'world_nether'
[23:46:32] [Server thread/INFO]: [ChunkHolderManager] Halted chunk system for world 'world_nether'
[23:46:32] [Server thread/INFO]: [ChunkHolderManager] Saving all chunkholders for world 'world_nether'
[23:46:32] [Server thread/INFO]: [ChunkHolderManager] Saved 0 block chunks, 6 entity chunks, 0 poi chunks in world 'world_nether' in 0,01s
[23:46:32] [Server thread/INFO]: ThreadedAnvilChunkStorage (DIM-1): All chunks are saved
[23:46:32] [Server thread/INFO]: Saving chunks for level 'ServerLevel[world_the_end]'/minecraft:the_end
[23:46:32] [Server thread/INFO]: [ChunkHolderManager] Waiting 60s for chunk system to halt for world 'world_the_end'
[23:46:32] [Server thread/INFO]: [ChunkHolderManager] Halted chunk system for world 'world_the_end'
[23:46:32] [Server thread/INFO]: [ChunkHolderManager] Saving all chunkholders for world 'world_the_end'
[23:46:32] [Server thread/INFO]: [ChunkHolderManager] Saved 0 block chunks, 0 entity chunks, 0 poi chunks in world 'world_the_end' in 0,00s
[23:46:32] [Server thread/INFO]: ThreadedAnvilChunkStorage (DIM1): All chunks are saved
[23:46:32] [Server thread/INFO]: ThreadedAnvilChunkStorage: All dimensions are saved
[23:46:32] [Server thread/INFO]: Flushing Chunk IO
[23:46:32] [Server thread/INFO]: Closing Thread Pool
[23:46:32] [Server thread/INFO]: Closing Server
